1
2
3
4
5
6
7
8
9
10
11
12
13
14
15
16
17
18
19
20
21
22
23
24
25
26
27
28
29
30
31
32
33
34
35
36
37
38
39
40
41
42
43
44
45
46
47
48
49
50
51
52
53
54
55
56
57
58
59
60
61
62
63
64
65
66
67
68
69
70
71
72
73
74
75
76
77
78
79
80
81
82
83
84
85
86
87
88
89
90
91
92
93
94
95
96
97
98
99
100
101
102
103
104
105
106
107
108
109
110
111
112
113
114
115
116
117
118
119
120
121
122
123
124
125
126
127
128
129
130
131
132
133
134
1
2
3
4
5
6
7
8
9
10
11
12
13
14
15
16
17
18
19
20
21
22
23
24
25
26
27
28
29
30
31
32
33
34
35
36
37
38
39
40
41
42
43
44
45
46
47
48
49
50
51
52
53
54
55
56
57
58
59
60
61
1
2
3
4
5
6
7
8
9
10
11
12
13
14
15
16
17
18
19
20
21
22
23
24
25
26
27
28
29
30
31
32
33
34
35
36
37
38
39
40
41
42
43
44
45
46
47
48
49
50
51
52
53
54
55
56
57
58
module.js:340
    throw err;
    ^

Error: Cannot find module '/Users/baidu/Git/neo/lab/cacheServer'
    at Function.Module._resolveFilename (module.js:338:15)
    at Function.Module._load (module.js:289:25)
    at Function.Module.runMain (module.js:467:10)
    at startup (node.js:136:18)
    at node.js:963:3
module.js:340
    throw err;
    ^

Error: Cannot find module '/Users/baidu/Git/neo/lab/cacheServer'
    at Function.Module._resolveFilename (module.js:338:15)
    at Function.Module._load (module.js:289:25)
    at Function.Module.runMain (module.js:467:10)
    at startup (node.js:136:18)
    at node.js:963:3
module.js:340
    throw err;
    ^

Error: Cannot find module '/Users/baidu/Git/neo/lab/cacheServer'
    at Function.Module._resolveFilename (module.js:338:15)
    at Function.Module._load (module.js:289:25)
    at Function.Module.runMain (module.js:467:10)
    at startup (node.js:136:18)
    at node.js:963:3
module.js:340
    throw err;
    ^

Error: Cannot find module '/Users/baidu/Git/neo/lab/cacheServer'
    at Function.Module._resolveFilename (module.js:338:15)
    at Function.Module._load (module.js:289:25)
    at Function.Module.runMain (module.js:467:10)
    at startup (node.js:136:18)
    at node.js:963:3
module.js:340
    throw err;
    ^

Error: Cannot find module '/Users/baidu/Git/neo/lab/cacheServer'
    at Function.Module._resolveFilename (module.js:338:15)
    at Function.Module._load (module.js:289:25)
    at Function.Module.runMain (module.js:467:10)
    at startup (node.js:136:18)
    at node.js:963:3
FATAL ERROR: CALL_AND_RETRY_LAST Allocation failed - process out of memory

<--- Last few GCs --->

   84314 ms: Scavenge 1398.2 (1457.9) -> 1398.2 (1457.9) MB, 4.5 / 0 ms (+ 2.6 ms in 1 steps since last GC) [allocation failure] [incremental marking delaying mark-sweep].
   85175 ms: Mark-sweep 1398.2 (1457.9) -> 1398.2 (1457.9) MB, 861.2 / 4 ms (+ 3.8 ms in 2 steps since start of marking, biggest step 2.6 ms) [last resort gc].
   86007 ms: Mark-sweep 1398.2 (1457.9) -> 1398.2 (1457.9) MB, 831.6 / 4 ms [last resort gc].


<--- JS stacktrace --->

==== JS stack trace =========================================

Security context: 0x3569cefb4629 <JS Object>
    2: _listen2 [net.js:~1195] [pc=0x169ca759623c] (this=0xf30e5bbca21 <a Server with map 0x2ed92461d2d9>,address=0x3569cef04101 <null>,port=8001,addressType=4,backlog=0x3569cef04251 <false>,fd=0x3569cef041b9 <undefined>)
    3: listen(aka listen) [net.js:~1268] [pc=0x169ca757c860] (this=0x3569cef041b9 <undefined>,self=0xf30e5bbca21 <a Server with map 0x2ed92461d2d9>,address=0x3569cef04101 <nul...

FATAL ERROR: CALL_AND_RETRY_LAST Allocation failed - process out of memory

<--- Last few GCs --->

   57371 ms: Scavenge 1398.6 (1457.9) -> 1398.6 (1457.9) MB, 2.9 / 0 ms (+ 2.3 ms in 1 steps since last GC) [allocation failure] [incremental marking delaying mark-sweep].
   58158 ms: Mark-sweep 1398.6 (1457.9) -> 1397.1 (1457.9) MB, 787.0 / 3 ms (+ 2.8 ms in 2 steps since start of marking, biggest step 2.3 ms) [last resort gc].
   58999 ms: Mark-sweep 1397.1 (1457.9) -> 1398.6 (1457.9) MB, 841.0 / 3 ms [last resort gc].


<--- JS stacktrace --->

==== JS stack trace =========================================

Security context: 0xfdca0ab4629 <JS Object>
    2: _listen2 [net.js:~1195] [pc=0xbab9829639c] (this=0x37ad94b634e9 <a Server with map 0xea9569209d9>,address=0xfdca0a04101 <null>,port=8001,addressType=4,backlog=0xfdca0a04251 <false>,fd=0xfdca0a041b9 <undefined>)
    3: listen(aka listen) [net.js:~1268] [pc=0xbab9827b780] (this=0xfdca0a041b9 <undefined>,self=0x37ad94b634e9 <a Server with map 0xea9569209d9>,address=0xfdca0a04101 <null>,port=...

